Getting request method GET!
Getting request method Post!
Getting request method GET!
Getting request method Post!
<QueryDict: {u'Speaker1': [u'5'], u'Speaker2': [u'5'], u'SlideShowScore': [u'5'], u'Argument': [u'5'], u'CrossExamination': [u'5'], u'csrfmiddlewaretoken': [u'8wEcWUlE4snhGzARzfWELmHl5rCzLtcS']}>
Getting request method Post!
<QueryDict: {u'Speaker1': [u'5'], u'Speaker2': [u'5'], u'SlideShowScore': [u'5'], u'Argument': [u'5'], u'CrossExamination': [u'5'], u'csrfmiddlewaretoken': [u'8wEcWUlE4snhGzARzfWELmHl5rCzLtcS']}>
Getting request method Post!
<QueryDict: {u'Speaker1': [u'5'], u'Speaker2': [u'5'], u'SlideShowScore': [u'5'], u'Argument': [u'5'], u'CrossExamination': [u'5'], u'csrfmiddlewaretoken': [u'8wEcWUlE4snhGzARzfWELmHl5rCzLtcS']}>
Getting request method Post!
<QueryDict: {u'Speaker1': [u'5'], u'Speaker2': [u'5'], u'SlideShowScore': [u'5'], u'Argument': [u'5'], u'CrossExamination': [u'5'], u'csrfmiddlewaretoken': [u'8wEcWUlE4snhGzARzfWELmHl5rCzLtcS']}>
Getting request method Post!
<QueryDict: {u'Speaker1': [u'5'], u'Speaker2': [u'5'], u'SlideShowScore': [u'5'], u'Argument': [u'5'], u'CrossExamination': [u'5'], u'csrfmiddlewaretoken': [u'8wEcWUlE4snhGzARzfWELmHl5rCzLtcS']}>
Getting request method Post!
<QueryDict: {u'Speaker1': [u'5'], u'Speaker2': [u'5'], u'SlideShowScore': [u'5'], u'Argument': [u'5'], u'CrossExamination': [u'5'], u'csrfmiddlewaretoken': [u'8wEcWUlE4snhGzARzfWELmHl5rCzLtcS']}>
Getting request method Post!
<QueryDict: {u'Speaker1': [u'5'], u'Speaker2': [u'5'], u'SlideShowScore': [u'5'], u'Argument': [u'5'], u'CrossExamination': [u'5'], u'csrfmiddlewaretoken': [u'8wEcWUlE4snhGzARzfWELmHl5rCzLtcS']}>
Getting request method Post!
<QueryDict: {u'Speaker1': [u'5'], u'Speaker2': [u'5'], u'SlideShowScore': [u'5'], u'Argument': [u'5'], u'CrossExamination': [u'5'], u'csrfmiddlewaretoken': [u'8wEcWUlE4snhGzARzfWELmHl5rCzLtcS']}>
Getting request method Post!
<QueryDict: {u'Speaker1': [u'5'], u'Speaker2': [u'5'], u'SlideShowScore': [u'5'], u'Argument': [u'5'], u'CrossExamination': [u'5'], u'csrfmiddlewaretoken': [u'8wEcWUlE4snhGzARzfWELmHl5rCzLtcS']}>
Getting request method Post!
<QueryDict: {u'Speaker1': [u'5'], u'Speaker2': [u'5'], u'SlideShowScore': [u'5'], u'Argument': [u'5'], u'CrossExamination': [u'5'], u'csrfmiddlewaretoken': [u'8wEcWUlE4snhGzARzfWELmHl5rCzLtcS']}>
Getting request method Post!
<QueryDict: {u'Speaker1': [u'5'], u'Speaker2': [u'5'], u'SlideShowScore': [u'5'], u'Argument': [u'5'], u'CrossExamination': [u'5'], u'csrfmiddlewaretoken': [u'8wEcWUlE4snhGzARzfWELmHl5rCzLtcS']}>
Getting request method Post!
<QueryDict: {u'Speaker1': [u'5'], u'Speaker2': [u'5'], u'SlideShowScore': [u'5'], u'Argument': [u'5'], u'CrossExamination': [u'5'], u'csrfmiddlewaretoken': [u'8wEcWUlE4snhGzARzfWELmHl5rCzLtcS']}>
Getting request method Post!
<QueryDict: {u'Speaker1': [u'5'], u'Speaker2': [u'5'], u'SlideShowScore': [u'5'], u'Argument': [u'5'], u'CrossExamination': [u'5'], u'csrfmiddlewaretoken': [u'8wEcWUlE4snhGzARzfWELmHl5rCzLtcS']}>
Getting request method Post!
<QueryDict: {u'Speaker1': [u'5'], u'Speaker2': [u'5'], u'SlideShowScore': [u'5'], u'Argument': [u'5'], u'CrossExamination': [u'5'], u'csrfmiddlewaretoken': [u'8wEcWUlE4snhGzARzfWELmHl5rCzLtcS']}>
Getting request method Post!
<QueryDict: {u'Speaker1': [u'5'], u'Speaker2': [u'5'], u'SlideShowScore': [u'5'], u'Argument': [u'5'], u'CrossExamination': [u'5'], u'csrfmiddlewaretoken': [u'8wEcWUlE4snhGzARzfWELmHl5rCzLtcS']}>
Getting request method Post!
<QueryDict: {u'Speaker1': [u'5'], u'Speaker2': [u'5'], u'SlideShowScore': [u'5'], u'Argument': [u'5'], u'CrossExamination': [u'5'], u'csrfmiddlewaretoken': [u'8wEcWUlE4snhGzARzfWELmHl5rCzLtcS']}>
Getting request method Post!
<QueryDict: {u'Speaker1': [u'5'], u'Speaker2': [u'5'], u'SlideShowScore': [u'5'], u'Argument': [u'5'], u'CrossExamination': [u'5'], u'csrfmiddlewaretoken': [u'8wEcWUlE4snhGzARzfWELmHl5rCzLtcS']}>
Getting request method Post!
<QueryDict: {u'Speaker1': [u'5'], u'Speaker2': [u'5'], u'SlideShowScore': [u'5'], u'Argument': [u'5'], u'CrossExamination': [u'5'], u'csrfmiddlewaretoken': [u'8wEcWUlE4snhGzARzfWELmHl5rCzLtcS']}>
Getting request method GET!
Getting request method Post!
<QueryDict: {u'Speaker1': [u'5'], u'Speaker2': [u'5'], u'SlideShowScore': [u'5'], u'Argument': [u'5'], u'CrossExamination': [u'5'], u'csrfmiddlewaretoken': [u'8wEcWUlE4snhGzARzfWELmHl5rCzLtcS']}>
Getting request method GET!
Getting request method GET!
Getting request method Post!
<QueryDict: {u'Speaker1': [u'5'], u'Speaker2': [u'5'], u'SlideShowScore': [u'5'], u'Argument': [u'5'], u'CrossExamination': [u'5'], u'csrfmiddlewaretoken': [u'8wEcWUlE4snhGzARzfWELmHl5rCzLtcS']}>
Getting request method GET!
Getting request method Post!
<QueryDict: {u'Speaker1': [u'5'], u'Speaker2': [u'5'], u'SlideShowScore': [u'5'], u'Argument': [u'5'], u'CrossExamination': [u'5'], u'csrfmiddlewaretoken': [u'8wEcWUlE4snhGzARzfWELmHl5rCzLtcS'], u'form_Affirmative': [u'Submit_Postitive']}>
Form is Positive
Affirmative form is valid!
Getting request method GET!
Getting request method Post!
<QueryDict: {u'Speaker1': [u'5'], u'Speaker2': [u'5'], u'SlideShowScore': [u'5'], u'Argument': [u'5'], u'CrossExamination': [u'5'], u'csrfmiddlewaretoken': [u'8wEcWUlE4snhGzARzfWELmHl5rCzLtcS'], u'form_Affirmative': [u'Submit_Postitive']}>
Form is Positive
Affirmative form is valid!
Getting request method GET!
Getting request method Post!
<QueryDict: {u'Speaker1': [u'5'], u'Speaker2': [u'5'], u'SlideShowScore': [u'5'], u'Argument': [u'5'], u'CrossExamination': [u'5'], u'csrfmiddlewaretoken': [u'8wEcWUlE4snhGzARzfWELmHl5rCzLtcS'], u'form_Affirmative': [u'Submit_Postitive']}>
Form is Positive
Affirmative form is valid!
Getting request method GET!
Getting request method Post!
<QueryDict: {u'Speaker1': [u'5'], u'Speaker2': [u'5'], u'SlideShowScore': [u'5'], u'Argument': [u'5'], u'CrossExamination': [u'5'], u'csrfmiddlewaretoken': [u'8wEcWUlE4snhGzARzfWELmHl5rCzLtcS']}>
Request is ajax
Getting request method GET!
Getting request method Post!
<QueryDict: {u'Speaker1': [u'5'], u'Speaker2': [u'5'], u'SlideShowScore': [u'5'], u'Argument': [u'5'], u'CrossExamination': [u'5'], u'csrfmiddlewaretoken': [u'8wEcWUlE4snhGzARzfWELmHl5rCzLtcS'], u'form_Affirmative': [u'Submit_Postitive']}>
Form is Positive
Affirmative form is valid!
Getting request method GET!
Getting request method Post!
<QueryDict: {u'Speaker1': [u'5'], u'Speaker2': [u'5'], u'SlideShowScore': [u'5'], u'Argument': [u'5'], u'CrossExamination': [u'5'], u'csrfmiddlewaretoken': [u'8wEcWUlE4snhGzARzfWELmHl5rCzLtcS']}>
Request is ajax
Getting request method GET!
Getting request method Post!
<QueryDict: {u'Speaker1': [u'5'], u'Speaker2': [u'5'], u'SlideShowScore': [u'5'], u'Argument': [u'5'], u'CrossExamination': [u'5'], u'csrfmiddlewaretoken': [u'8wEcWUlE4snhGzARzfWELmHl5rCzLtcS']}>
Request is ajax
Getting request method GET!
Getting request method Post!
<QueryDict: {u'Speaker1': [u'5'], u'Speaker2': [u'5'], u'SlideShowScore': [u'5'], u'Argument': [u'5'], u'CrossExamination': [u'5'], u'csrfmiddlewaretoken': [u'8wEcWUlE4snhGzARzfWELmHl5rCzLtcS'], u'form_Affirmative': [u'Submit_Postitive']}>
Form is Positive
Affirmative form is valid!
Getting request method Post!
<QueryDict: {u'Speaker1': [u'5'], u'Speaker2': [u'5'], u'SlideShowScore': [u'5'], u'Argument': [u'5'], u'CrossExamination': [u'5'], u'csrfmiddlewaretoken': [u'8wEcWUlE4snhGzARzfWELmHl5rCzLtcS']}>
Request is ajax
Getting request method GET!
Getting request method Post!
<QueryDict: {u'Speaker1': [u'5'], u'Speaker2': [u'5'], u'SlideShowScore': [u'5'], u'Argument': [u'5'], u'CrossExamination': [u'5'], u'csrfmiddlewaretoken': [u'8wEcWUlE4snhGzARzfWELmHl5rCzLtcS'], u'form_Affirmative': [u'Submit_Postitive']}>
Form is Positive
Affirmative form is valid!
Getting request method Post!
<QueryDict: {u'Speaker1': [u'5'], u'Speaker2': [u'5'], u'SlideShowScore': [u'5'], u'Argument': [u'5'], u'CrossExamination': [u'5'], u'csrfmiddlewaretoken': [u'8wEcWUlE4snhGzARzfWELmHl5rCzLtcS'], u'form_Affirmative': [u'Submit_Postitive']}>
Form is Positive
Affirmative form is valid!
Getting request method Post!
<QueryDict: {u'Speaker1': [u'5'], u'Speaker2': [u'5'], u'SlideShowScore': [u'5'], u'Argument': [u'5'], u'CrossExamination': [u'5'], u'csrfmiddlewaretoken': [u'8wEcWUlE4snhGzARzfWELmHl5rCzLtcS']}>
Request is ajax
Getting request method GET!
Getting request method GET!
Getting request method GET!
Getting request method GET!
Getting request method GET!
Getting request method GET!
Getting request method GET!
Getting request method GET!
Getting request method GET!
Getting request method GET!
Getting request method GET!
Getting request method Post!
<QueryDict: {u'Speaker1': [u'5'], u'Speaker2': [u'5'], u'SlideShowScore': [u'5'], u'Argument': [u'5'], u'CrossExamination': [u'5'], u'csrfmiddlewaretoken': [u'8wEcWUlE4snhGzARzfWELmHl5rCzLtcS'], u'form_Affirmative': [u'Submit_Postitive']}>
Form is Positive
Affirmative form is valid!
Getting request method GET!
Getting request method Post!
<QueryDict: {u'Speaker1': [u'5'], u'Speaker2': [u'5'], u'SlideShowScore': [u'5'], u'Argument': [u'5'], u'CrossExamination': [u'5'], u'csrfmiddlewaretoken': [u'8wEcWUlE4snhGzARzfWELmHl5rCzLtcS']}>
Request is ajax
Getting request method GET!
Getting request method GET!
Getting request method Post!
<QueryDict: {u'Speaker1': [u'5'], u'Speaker2': [u'5'], u'SlideShowScore': [u'5'], u'Argument': [u'5'], u'CrossExamination': [u'5'], u'csrfmiddlewaretoken': [u'8wEcWUlE4snhGzARzfWELmHl5rCzLtcS'], u'form_Affirmative': [u'Submit_Postitive']}>
Form is Positive
Affirmative form is valid!
Getting request method Post!
<QueryDict: {u'Speaker1': [u'5'], u'Speaker2': [u'5'], u'SlideShowScore': [u'5'], u'Argument': [u'5'], u'CrossExamination': [u'5'], u'csrfmiddlewaretoken': [u'8wEcWUlE4snhGzARzfWELmHl5rCzLtcS']}>
Request is ajax
Getting request method GET!
Getting request method Post!
<QueryDict: {u'Speaker1': [u'5'], u'Speaker2': [u'5'], u'SlideShowScore': [u'5'], u'Argument': [u'5'], u'CrossExamination': [u'5'], u'form_Positve': [u'Submit_Postitive'], u'csrfmiddlewaretoken': [u'8wEcWUlE4snhGzARzfWELmHl5rCzLtcS']}>
Getting request method GET!
Getting request method Post!
<QueryDict: {u'Speaker1': [u'5'], u'Speaker2': [u'5'], u'SlideShowScore': [u'5'], u'Argument': [u'5'], u'CrossExamination': [u'5'], u'form_Positve': [u'Submit_Postitive'], u'csrfmiddlewaretoken': [u'8wEcWUlE4snhGzARzfWELmHl5rCzLtcS']}>
Getting request method GET!
Getting request method Post!
<QueryDict: {u'Speaker1': [u'5'], u'Speaker2': [u'5'], u'SlideShowScore': [u'5'], u'Argument': [u'5'], u'CrossExamination': [u'5'], u'form_Positve': [u'Submit_Positive'], u'csrfmiddlewaretoken': [u'8wEcWUlE4snhGzARzfWELmHl5rCzLtcS']}>
